<?xml version="1.0" encoding="UTF-8"?>
<!-- Generated by org.testng.reporters.JUnitReportReporter -->
<testsuite hostname="Vishu-PC" name="quicktest.Google" tests="1" failures="0" timestamp="11 Mar 2017 16:45:38 GMT" time="0.049" errors="0">
  <testcase name="search" time="0.049" classname="quicktest.Google"/>
</testsuite>
